\BOOKMARK [1][-]{section.1}{Introduction}{}% 1
\BOOKMARK [2][-]{subsection.1.1}{Climate Change: Risk and Opportunity}{section.1}% 2
\BOOKMARK [2][-]{subsection.1.2}{Green New Deals: Cities Aim for 100\045 Renewable Energy by 2050}{section.1}% 3
\BOOKMARK [2][-]{subsection.1.3}{Introducing Underground Pumped Hydro Energy Storage}{section.1}% 4
\BOOKMARK [2][-]{subsection.1.4}{San Francisco and New York City Commit to Green New Deals}{section.1}% 5
\BOOKMARK [1][-]{section.2}{Why Energy Storage?}{}% 6
\BOOKMARK [2][-]{subsection.2.1}{The State of our Energy Storage}{section.2}% 7
\BOOKMARK [2][-]{subsection.2.2}{What is Pumped Hydro?}{section.2}% 8
\BOOKMARK [2][-]{subsection.2.3}{Keeping up with Wind and Solar}{section.2}% 9
\BOOKMARK [2][-]{subsection.2.4}{The Uphill Battle to 100\045 Renewable Energy}{section.2}% 10
\BOOKMARK [2][-]{subsection.2.5}{Lithium-ion Energy Storage: A Good First Step, but Bad at Scale}{section.2}% 11
\BOOKMARK [2][-]{subsection.2.6}{Lithium-ion Energy Storage: Projected Costs for California Case Study}{section.2}% 12
\BOOKMARK [2][-]{subsection.2.7}{An Astronomical Expense, but Cheaper Than Nothing}{section.2}% 13
\BOOKMARK [2][-]{subsection.2.8}{A Booming Energy Storage Market}{section.2}% 14
\BOOKMARK [1][-]{section.3}{Why Pumped Hydro Energy Storage?}{}% 15
\BOOKMARK [2][-]{subsection.3.1}{The Clear Leader of Bulk Energy Storage}{section.3}% 16
\BOOKMARK [2][-]{subsection.3.2}{What About Compressed Air Storage?}{section.3}% 17
\BOOKMARK [2][-]{subsection.3.3}{What About Other Novel Solutions?}{section.3}% 18
\BOOKMARK [2][-]{subsection.3.4}{A PHS Case Study: The Kaprun Hydroelectric Station}{section.3}% 19
\BOOKMARK [2][-]{subsection.3.5}{A new Era for Pumped Hydro}{section.3}% 20
\BOOKMARK [2][-]{subsection.3.6}{Pumped Hydro Pros and Cons}{section.3}% 21
\BOOKMARK [2][-]{subsection.3.7}{Towards a long-term vision for Pumped Storage}{section.3}% 22
\BOOKMARK [1][-]{section.4}{Why Underground Pumped Hydro Energy Storage?}{}% 23
\BOOKMARK [1][-]{section.5}{Underground Pumped Hydro Storage, Past Research}{}% 24
\BOOKMARK [2][-]{subsection.5.1}{Past Research, Predicting Today's Market}{section.5}% 25
\BOOKMARK [1][-]{section.6}{Underground Pumped Hydro, Current Research}{}% 26
\BOOKMARK [2][-]{subsection.6.1}{Underground Gravity Storage With Heavy Piston Design}{section.6}% 27
\BOOKMARK [2][-]{subsection.6.2}{Underground Pumped Hydro in Abandoned Mines}{section.6}% 28
\BOOKMARK [2][-]{subsection.6.3}{UPHS Summary of Current Research}{section.6}% 29
\BOOKMARK [1][-]{section.7}{Why UPHS is Feasible Today}{}% 30
\BOOKMARK [2][-]{subsection.7.1}{A Convergence of Favorable Factors for UPHS}{section.7}% 31
\BOOKMARK [2][-]{subsection.7.2}{Biggest Challenges for UPHS}{section.7}% 32
\BOOKMARK [1][-]{section.8}{UPHS Case Study Technical Specifications}{}% 33
\BOOKMARK [2][-]{subsection.8.1}{PEPC Study: Two-Step Design with Reversible Pump-turbines}{section.8}% 34
\BOOKMARK [2][-]{subsection.8.2}{PEPC Study: General Architecture}{section.8}% 35
\BOOKMARK [2][-]{subsection.8.3}{PEPC Study: Penstock Specifications}{section.8}% 36
\BOOKMARK [2][-]{subsection.8.4}{PEPC Study: Excavated Tunnel Specifications}{section.8}% 37
\BOOKMARK [1][-]{section.9}{UPHS Site Selection Considerations}{}% 38
\BOOKMARK [2][-]{subsection.9.1}{UPHS Site Selection: Geology}{section.9}% 39
\BOOKMARK [2][-]{subsection.9.2}{UPHS Site Selection: GIS Analysis of Water and Elevation}{section.9}% 40
\BOOKMARK [2][-]{subsection.9.3}{UPHS Site Selection: Consideration of Sea Water Usage}{section.9}% 41
\BOOKMARK [1][-]{section.10}{UPHS New Innovations and Hybrid Designs}{}% 42
\BOOKMARK [1][-]{section.11}{UPHS Optimized Site Selection}{}% 43
\BOOKMARK [1][-]{section.12}{UPHS Estimated Costs and ROI}{}% 44
\BOOKMARK [2][-]{subsection.12.1}{UPHS Construction Cost \(Installed Cost\)}{section.12}% 45
\BOOKMARK [2][-]{subsection.12.2}{UPHS Operations and Maintenance \(O\046M\) Costs}{section.12}% 46
\BOOKMARK [2][-]{subsection.12.3}{UPHS Levelized Cost of Renewables Combined with Energy Storage}{section.12}% 47
\BOOKMARK [2][-]{subsection.12.4}{UPHS Levelized Cost of Energy Estimation}{section.12}% 48
\BOOKMARK [1][-]{section.13}{UPHS Optimistic Estimated Costs and ROI}{}% 49
\BOOKMARK [2][-]{subsection.13.1}{UPHS Estimates: Low Interest Rates}{section.13}% 50
\BOOKMARK [2][-]{subsection.13.2}{UPHS Estimates: Utilization of Existing Dams}{section.13}% 51
\BOOKMARK [2][-]{subsection.13.3}{UPHS Estimates: Cheaper Tunnel Costs}{section.13}% 52
\BOOKMARK [2][-]{subsection.13.4}{UPHS Calculated Optimistic Estimated Cost}{section.13}% 53
\BOOKMARK [1][-]{section.14}{UPHS Versus Lithium Ion Chemical Batteries}{}% 54
\BOOKMARK [2][-]{subsection.14.1}{UPHS Plus Lithium Ion Batteries}{section.14}% 55
\BOOKMARK [1][-]{section.15}{Conclusion}{}% 56
\BOOKMARK [1][-]{section.16}{Appendix}{}% 57
\BOOKMARK [2][-]{subsection.16.1}{Calculations for Heavy Piston Design}{section.16}% 58
\BOOKMARK [2][-]{subsection.16.2}{Calculation of New York City Daily Energy Usage}{section.16}% 59
\BOOKMARK [2][-]{subsection.16.3}{Calculation of Vertical Shaft Volume and Cost}{section.16}% 60
\BOOKMARK [2][-]{subsection.16.4}{Calculation of LCOE for UPHS}{section.16}% 61
\BOOKMARK [2][-]{subsection.16.5}{Calculation of LCOE for UPHS \(Optimistic\)}{section.16}% 62
